host: macbookpro.edu.ds.fhnw.ch
Building DAG of jobs...
Using shell: /bin/bash
Provided cores: 8
Rules claiming more threads will be scaled down.
Job stats:
job                   count
------------------  -------
all                       1
base_recalibration        3
fastqc                    3
mark_duplicates           2
total                     9

Select jobs to execute...
Execute 6 jobs...

[Wed Nov 20 11:08:32 2024]
localrule fastqc:
    input: Data/samples/C.fastq
    output: Data/fastqc/C_fastqc.html, Data/fastqc/C_fastqc.zip
    jobid: 4
    reason: Forced execution
    wildcards: sample=C
    resources: tmpdir=/var/folders/3y/73c51vdd5j9cylp2_sdm674m0000gn/T


[Wed Nov 20 11:08:32 2024]
localrule base_recalibration:
    input: Data/aligned_bam/C_marked_sorted.bam, Data/Homo_sapiens_assembly38.dbsnp138.vcf, Data/genome.fa
    output: Data/aligned_bam/C.recal.table, Data/aligned_bam/C_recal_bqsr.bam
    log: Data/aligned_bam/C.recal.log
    jobid: 16
    reason: Missing output files: Data/aligned_bam/C_recal_bqsr.bam, Data/aligned_bam/C.recal.table
    wildcards: sample=C
    resources: tmpdir=/var/folders/3y/73c51vdd5j9cylp2_sdm674m0000gn/T


[Wed Nov 20 11:08:32 2024]
localrule fastqc:
    input: Data/samples/A.fastq
    output: Data/fastqc/A_fastqc.html, Data/fastqc/A_fastqc.zip
    jobid: 2
    reason: Forced execution
    wildcards: sample=A
    resources: tmpdir=/var/folders/3y/73c51vdd5j9cylp2_sdm674m0000gn/T


[Wed Nov 20 11:08:32 2024]
localrule mark_duplicates:
    input: Data/aligned_bam/A_sorted.bam
    output: Data/aligned_bam/A_marked_sorted.bam, Data/aligned_bam/A_marked_sorted.bai
    log: Data/aligned_bam/A.mark.log
    jobid: 11
    reason: Forced execution
    wildcards: sample=A
    resources: tmpdir=/var/folders/3y/73c51vdd5j9cylp2_sdm674m0000gn/T


[Wed Nov 20 11:08:32 2024]
localrule fastqc:
    input: Data/samples/B.fastq
    output: Data/fastqc/B_fastqc.html, Data/fastqc/B_fastqc.zip
    jobid: 3
    reason: Forced execution
    wildcards: sample=B
    resources: tmpdir=/var/folders/3y/73c51vdd5j9cylp2_sdm674m0000gn/T


[Wed Nov 20 11:08:32 2024]
localrule mark_duplicates:
    input: Data/aligned_bam/B_sorted.bam
    output: Data/aligned_bam/B_marked_sorted.bam, Data/aligned_bam/B_marked_sorted.bai
    log: Data/aligned_bam/B.mark.log
    jobid: 12
    reason: Forced execution
    wildcards: sample=B
    resources: tmpdir=/var/folders/3y/73c51vdd5j9cylp2_sdm674m0000gn/T

[Wed Nov 20 11:08:35 2024]
Finished job 12.
1 of 9 steps (11%) done
Select jobs to execute...
Execute 1 jobs...

[Wed Nov 20 11:08:35 2024]
localrule base_recalibration:
    input: Data/aligned_bam/B_marked_sorted.bam, Data/Homo_sapiens_assembly38.dbsnp138.vcf, Data/genome.fa
    output: Data/aligned_bam/B.recal.table, Data/aligned_bam/B_recal_bqsr.bam
    log: Data/aligned_bam/B.recal.log
    jobid: 15
    reason: Missing output files: Data/aligned_bam/B.recal.table, Data/aligned_bam/B_recal_bqsr.bam; Input files updated by another job: Data/aligned_bam/B_marked_sorted.bam
    wildcards: sample=B
    resources: tmpdir=/var/folders/3y/73c51vdd5j9cylp2_sdm674m0000gn/T

[Wed Nov 20 11:08:35 2024]
Finished job 11.
2 of 9 steps (22%) done
Select jobs to execute...
Execute 1 jobs...

[Wed Nov 20 11:08:35 2024]
localrule base_recalibration:
    input: Data/aligned_bam/A_marked_sorted.bam, Data/Homo_sapiens_assembly38.dbsnp138.vcf, Data/genome.fa
    output: Data/aligned_bam/A.recal.table, Data/aligned_bam/A_recal_bqsr.bam
    log: Data/aligned_bam/A.recal.log
    jobid: 14
    reason: Missing output files: Data/aligned_bam/A_recal_bqsr.bam, Data/aligned_bam/A.recal.table; Input files updated by another job: Data/aligned_bam/A_marked_sorted.bam
    wildcards: sample=A
    resources: tmpdir=/var/folders/3y/73c51vdd5j9cylp2_sdm674m0000gn/T

[Wed Nov 20 11:08:35 2024]
Error in rule base_recalibration:
    jobid: 16
    input: Data/aligned_bam/C_marked_sorted.bam, Data/Homo_sapiens_assembly38.dbsnp138.vcf, Data/genome.fa
    output: Data/aligned_bam/C.recal.table, Data/aligned_bam/C_recal_bqsr.bam
    log: Data/aligned_bam/C.recal.log (check log file(s) for error details)
    shell:
        
        gatk --java-options "-Xmx4g" BaseRecalibrator         -I Data/aligned_bam/C_marked_sorted.bam         -R Data/genome.fa         --known-sites Data/Homo_sapiens_assembly38.dbsnp138.vcf         -O Data/aligned_bam/C.recal.table 2>> Data/aligned_bam/C.recal.log
        
        gatk --java-options "-Xmx4g" ApplyBQSR         -I Data/aligned_bam/C_marked_sorted.bam         -R Data/genome.fa         --bqsr-recal-file Data/aligned_bam/C.recal.table         -O Data/aligned_bam/C_recal_bqsr.bam 2>> Data/aligned_bam/C.recal.log
        
        (one of the commands exited with non-zero exit code; note that snakemake uses bash strict mode!)

[Wed Nov 20 11:08:36 2024]
Finished job 2.
3 of 9 steps (33%) done
[Wed Nov 20 11:08:36 2024]
Finished job 4.
4 of 9 steps (44%) done
[Wed Nov 20 11:08:37 2024]
Error in rule base_recalibration:
    jobid: 15
    input: Data/aligned_bam/B_marked_sorted.bam, Data/Homo_sapiens_assembly38.dbsnp138.vcf, Data/genome.fa
    output: Data/aligned_bam/B.recal.table, Data/aligned_bam/B_recal_bqsr.bam
    log: Data/aligned_bam/B.recal.log (check log file(s) for error details)
    shell:
        
        gatk --java-options "-Xmx4g" BaseRecalibrator         -I Data/aligned_bam/B_marked_sorted.bam         -R Data/genome.fa         --known-sites Data/Homo_sapiens_assembly38.dbsnp138.vcf         -O Data/aligned_bam/B.recal.table 2>> Data/aligned_bam/B.recal.log
        
        gatk --java-options "-Xmx4g" ApplyBQSR         -I Data/aligned_bam/B_marked_sorted.bam         -R Data/genome.fa         --bqsr-recal-file Data/aligned_bam/B.recal.table         -O Data/aligned_bam/B_recal_bqsr.bam 2>> Data/aligned_bam/B.recal.log
        
        (one of the commands exited with non-zero exit code; note that snakemake uses bash strict mode!)

[Wed Nov 20 11:08:37 2024]
Error in rule base_recalibration:
    jobid: 14
    input: Data/aligned_bam/A_marked_sorted.bam, Data/Homo_sapiens_assembly38.dbsnp138.vcf, Data/genome.fa
    output: Data/aligned_bam/A.recal.table, Data/aligned_bam/A_recal_bqsr.bam
    log: Data/aligned_bam/A.recal.log (check log file(s) for error details)
    shell:
        
        gatk --java-options "-Xmx4g" BaseRecalibrator         -I Data/aligned_bam/A_marked_sorted.bam         -R Data/genome.fa         --known-sites Data/Homo_sapiens_assembly38.dbsnp138.vcf         -O Data/aligned_bam/A.recal.table 2>> Data/aligned_bam/A.recal.log
        
        gatk --java-options "-Xmx4g" ApplyBQSR         -I Data/aligned_bam/A_marked_sorted.bam         -R Data/genome.fa         --bqsr-recal-file Data/aligned_bam/A.recal.table         -O Data/aligned_bam/A_recal_bqsr.bam 2>> Data/aligned_bam/A.recal.log
        
        (one of the commands exited with non-zero exit code; note that snakemake uses bash strict mode!)

[Wed Nov 20 11:08:37 2024]
Finished job 3.
5 of 9 steps (56%) done
Shutting down, this might take some time.
Exiting because a job execution failed. Look above for error message
Complete log: .snakemake/log/2024-11-20T110832.849380.snakemake.log
WorkflowError:
At least one job did not complete successfully.
