host: MacBook-Pro-von-Flavia.local
Building DAG of jobs...
Using shell: /bin/bash
Provided cores: 8
Rules claiming more threads will be scaled down.
Job stats:
job                 count
----------------  -------
all                     1
haplotype_caller        3
mark_duplicates         3
select_indels           3
select_snps             3
total                  13

Select jobs to execute...
Execute 3 jobs...

[Wed Nov 20 17:16:30 2024]
localrule mark_duplicates:
    input: Data/aligned_bam/A_sorted.bam
    output: Data/aligned_bam/A_marked_sorted.bam, Data/aligned_bam/A_marked_sorted.bai
    log: Data/aligned_bam/A.mark.log
    jobid: 11
    reason: Missing output files: Data/aligned_bam/A_marked_sorted.bam, Data/aligned_bam/A_marked_sorted.bai
    wildcards: sample=A
    resources: tmpdir=/var/folders/3y/73c51vdd5j9cylp2_sdm674m0000gn/T


[Wed Nov 20 17:16:30 2024]
localrule mark_duplicates:
    input: Data/aligned_bam/B_sorted.bam
    output: Data/aligned_bam/B_marked_sorted.bam, Data/aligned_bam/B_marked_sorted.bai
    log: Data/aligned_bam/B.mark.log
    jobid: 12
    reason: Missing output files: Data/aligned_bam/B_marked_sorted.bai, Data/aligned_bam/B_marked_sorted.bam
    wildcards: sample=B
    resources: tmpdir=/var/folders/3y/73c51vdd5j9cylp2_sdm674m0000gn/T


[Wed Nov 20 17:16:30 2024]
localrule mark_duplicates:
    input: Data/aligned_bam/C_sorted.bam
    output: Data/aligned_bam/C_marked_sorted.bam, Data/aligned_bam/C_marked_sorted.bai
    log: Data/aligned_bam/C.mark.log
    jobid: 13
    reason: Missing output files: Data/aligned_bam/C_marked_sorted.bam, Data/aligned_bam/C_marked_sorted.bai
    wildcards: sample=C
    resources: tmpdir=/var/folders/3y/73c51vdd5j9cylp2_sdm674m0000gn/T

[Wed Nov 20 17:16:32 2024]
Error in rule mark_duplicates:
    jobid: 11
    input: Data/aligned_bam/A_sorted.bam
    output: Data/aligned_bam/A_marked_sorted.bam, Data/aligned_bam/A_marked_sorted.bai
    log: Data/aligned_bam/A.mark.log (check log file(s) for error details)
    shell:
        
        gatk --java-options "-Xmx4g" MarkDuplicates         -I Data/aligned_bam/A_sorted.bam         -O Data/aligned_bam/A_marked_sorted.bam         -M Data/aligned_bam/A_marked_sorted.bam.metrics.txt         -CREATE_INDEX true \    
        -VALIDATION_STRINGENCY LENIENT         -MAX_RECORDS_IN_RAM 1000000 2> Data/aligned_bam/A.mark.log
        
        (one of the commands exited with non-zero exit code; note that snakemake uses bash strict mode!)

[Wed Nov 20 17:16:32 2024]
Error in rule mark_duplicates:
    jobid: 12
    input: Data/aligned_bam/B_sorted.bam
    output: Data/aligned_bam/B_marked_sorted.bam, Data/aligned_bam/B_marked_sorted.bai
    log: Data/aligned_bam/B.mark.log (check log file(s) for error details)
    shell:
        
        gatk --java-options "-Xmx4g" MarkDuplicates         -I Data/aligned_bam/B_sorted.bam         -O Data/aligned_bam/B_marked_sorted.bam         -M Data/aligned_bam/B_marked_sorted.bam.metrics.txt         -CREATE_INDEX true \    
        -VALIDATION_STRINGENCY LENIENT         -MAX_RECORDS_IN_RAM 1000000 2> Data/aligned_bam/B.mark.log
        
        (one of the commands exited with non-zero exit code; note that snakemake uses bash strict mode!)

[Wed Nov 20 17:16:32 2024]
Error in rule mark_duplicates:
    jobid: 13
    input: Data/aligned_bam/C_sorted.bam
    output: Data/aligned_bam/C_marked_sorted.bam, Data/aligned_bam/C_marked_sorted.bai
    log: Data/aligned_bam/C.mark.log (check log file(s) for error details)
    shell:
        
        gatk --java-options "-Xmx4g" MarkDuplicates         -I Data/aligned_bam/C_sorted.bam         -O Data/aligned_bam/C_marked_sorted.bam         -M Data/aligned_bam/C_marked_sorted.bam.metrics.txt         -CREATE_INDEX true \    
        -VALIDATION_STRINGENCY LENIENT         -MAX_RECORDS_IN_RAM 1000000 2> Data/aligned_bam/C.mark.log
        
        (one of the commands exited with non-zero exit code; note that snakemake uses bash strict mode!)

Shutting down, this might take some time.
Exiting because a job execution failed. Look above for error message
Complete log: .snakemake/log/2024-11-20T171630.826671.snakemake.log
WorkflowError:
At least one job did not complete successfully.
