host: macbookpro.edu.ds.fhnw.ch
Building DAG of jobs...
Using shell: /bin/bash
Provided cores: 8
Rules claiming more threads will be scaled down.
Job stats:
job                   count
------------------  -------
all                       1
base_recalibration        3
fastqc                    3
map_reads                 3
mark_duplicates           3
sort_bam                  3
total                    16

Select jobs to execute...
Execute 6 jobs...

[Wed Nov 20 11:06:15 2024]
localrule fastqc:
    input: Data/samples/B.fastq
    output: Data/fastqc/B_fastqc.html, Data/fastqc/B_fastqc.zip
    jobid: 3
    reason: Forced execution
    wildcards: sample=B
    resources: tmpdir=/var/folders/3y/73c51vdd5j9cylp2_sdm674m0000gn/T


[Wed Nov 20 11:06:15 2024]
localrule map_reads:
    input: Data/samples/C.fastq, Data/genome.fa
    output: Data/aligned_bam/C_aligned.bam
    log: Data/aligned_bam/C.map.log
    jobid: 10
    reason: Code has changed since last execution
    wildcards: sample=C
    resources: tmpdir=/var/folders/3y/73c51vdd5j9cylp2_sdm674m0000gn/T

RuleException in rule map_reads in file /Users/flaviaderamo/Github/GIT-Sync/SNV-GATK-Snakemake/Snakefile, line 51:
NameError: The name 'sample' is unknown in this context. Did you mean 'wildcards.sample'?, when formatting the following:

        bwa mem         -t {params.threads}         -R "@RG\tID:{sample}\tPL:ILLUMINA\tSM:{sample}"         {input.reference} {input.fastq} 2> {log} | samtools view -bS - > {output.bam}
        
