host: macbookpro.edu.ds.fhnw.ch
Building DAG of jobs...
Using shell: /bin/bash
Provided cores: 8
Rules claiming more threads will be scaled down.
Job stats:
job                   count
------------------  -------
all                       1
base_recalibration        3
total                     4

Select jobs to execute...
Execute 3 jobs...

[Wed Nov 20 11:14:50 2024]
localrule base_recalibration:
    input: Data/aligned_bam/A_marked_sorted.bam, Data/Homo_sapiens_assembly38.dbsnp138.vcf, Data/genome.fa
    output: Data/aligned_bam/A.recal.table, Data/aligned_bam/A_recal_bqsr.bam
    log: Data/aligned_bam/A.recal.log
    jobid: 14
    reason: Missing output files: Data/aligned_bam/A_recal_bqsr.bam, Data/aligned_bam/A.recal.table
    wildcards: sample=A
    resources: tmpdir=/var/folders/3y/73c51vdd5j9cylp2_sdm674m0000gn/T

RuleException in rule base_recalibration in file /Users/flaviaderamo/Github/GIT-Sync/SNV-GATK-Snakemake/Snakefile, line 98:
AttributeError: '_IOFile' object has no attribute 'bam', when formatting the following:

        gatk BaseRecalibrator -I {input.marked_bam} -R {input.reference} --known-sites {input.known} -O {output.recal}
        gatk ApplyBQSR -bqsr {output.recal} -I {input.marked_bam} -R {input.reference} -O {output.recal.bam}
        
