host: MacBook-Pro-von-Flavia.local
Building DAG of jobs...
Using shell: /bin/bash
Provided cores: 8
Rules claiming more threads will be scaled down.
Job stats:
job          count
---------  -------
all              1
map_reads        3
total            4

Select jobs to execute...
Execute 3 jobs...

[Sun Nov 24 11:18:47 2024]
localrule map_reads:
    input: Data/samples/B.fastq, Data/genome.fa
    output: Data/aligned_reads/B_aligned.sam
    log: Data/aligned_reads/B.map.log
    jobid: 3
    reason: Missing output files: Data/aligned_reads/B_aligned.sam
    wildcards: sample=B
    resources: tmpdir=/var/folders/3y/73c51vdd5j9cylp2_sdm674m0000gn/T


[Sun Nov 24 11:18:47 2024]
localrule map_reads:
    input: Data/samples/C.fastq, Data/genome.fa
    output: Data/aligned_reads/C_aligned.sam
    log: Data/aligned_reads/C.map.log
    jobid: 4
    reason: Missing output files: Data/aligned_reads/C_aligned.sam
    wildcards: sample=C
    resources: tmpdir=/var/folders/3y/73c51vdd5j9cylp2_sdm674m0000gn/T


[Sun Nov 24 11:18:47 2024]
localrule map_reads:
    input: Data/samples/A.fastq, Data/genome.fa
    output: Data/aligned_reads/A_aligned.sam
    log: Data/aligned_reads/A.map.log
    jobid: 2
    reason: Missing output files: Data/aligned_reads/A_aligned.sam
    wildcards: sample=A
    resources: tmpdir=/var/folders/3y/73c51vdd5j9cylp2_sdm674m0000gn/T

[Sun Nov 24 11:18:47 2024]
Finished job 3.
1 of 4 steps (25%) done
[Sun Nov 24 11:18:47 2024]
Finished job 4.
2 of 4 steps (50%) done
[Sun Nov 24 11:18:47 2024]
Finished job 2.
3 of 4 steps (75%) done
Select jobs to execute...
Execute 1 jobs...

[Sun Nov 24 11:18:47 2024]
localrule all:
    input: Data/.setup_done, Data/aligned_reads/A_aligned.sam, Data/aligned_reads/B_aligned.sam, Data/aligned_reads/C_aligned.sam
    jobid: 0
    reason: Input files updated by another job: Data/aligned_reads/A_aligned.sam, Data/aligned_reads/C_aligned.sam, Data/aligned_reads/B_aligned.sam
    resources: tmpdir=/var/folders/3y/73c51vdd5j9cylp2_sdm674m0000gn/T

[Sun Nov 24 11:18:47 2024]
Finished job 0.
4 of 4 steps (100%) done
Complete log: .snakemake/log/2024-11-24T111847.429811.snakemake.log
