host: macbookpro.edu.ds.fhnw.ch
Building DAG of jobs...
Using shell: /bin/bash
Provided cores: 8
Rules claiming more threads will be scaled down.
Job stats:
job                  count
-----------------  -------
setup_directories        1
total                    1

Select jobs to execute...
Execute 1 jobs...

[Wed Nov 20 09:39:52 2024]
localrule setup_directories:
    output: Data/.setup_done
    jobid: 0
    reason: Forced execution
    resources: tmpdir=/var/folders/3y/73c51vdd5j9cylp2_sdm674m0000gn/T

Touching output file Data/.setup_done.
[Wed Nov 20 09:39:52 2024]
Finished job 0.
1 of 1 steps (100%) done
Complete log: .snakemake/log/2024-11-20T093952.369431.snakemake.log
