host: macbookpro.edu.ds.fhnw.ch
Building DAG of jobs...
Using shell: /bin/bash
Provided cores: 8
Rules claiming more threads will be scaled down.
Job stats:
job                   count
------------------  -------
all                       1
base_recalibration        3
fastqc                    3
map_reads                 3
mark_duplicates           3
setup_directories         1
sort_bam                  3
total                    17

Select jobs to execute...
Execute 7 jobs...

[Wed Nov 20 10:59:53 2024]
localrule fastqc:
    input: Data/samples/C.fastq
    output: Data/fastqc/C_fastqc.html, Data/fastqc/C_fastqc.zip
    jobid: 4
    reason: Forced execution
    wildcards: sample=C
    resources: tmpdir=/var/folders/3y/73c51vdd5j9cylp2_sdm674m0000gn/T


[Wed Nov 20 10:59:53 2024]
localrule map_reads:
    input: Data/samples/B.fastq, Data/genome.fa
    output: Data/aligned_bam/B_aligned.bam
    log: Data/aligned_bam/B.map.log
    jobid: 8
    reason: Forced execution
    wildcards: sample=B
    resources: tmpdir=/var/folders/3y/73c51vdd5j9cylp2_sdm674m0000gn/T


[Wed Nov 20 10:59:53 2024]
localrule setup_directories:
    output: Data/.setup_done
    jobid: 1
    reason: Forced execution
    resources: tmpdir=/var/folders/3y/73c51vdd5j9cylp2_sdm674m0000gn/T


[Wed Nov 20 10:59:53 2024]
localrule map_reads:
    input: Data/samples/A.fastq, Data/genome.fa
    output: Data/aligned_bam/A_aligned.bam
    log: Data/aligned_bam/A.map.log
    jobid: 6
    reason: Forced execution
    wildcards: sample=A
    resources: tmpdir=/var/folders/3y/73c51vdd5j9cylp2_sdm674m0000gn/T


[Wed Nov 20 10:59:53 2024]
localrule fastqc:
    input: Data/samples/A.fastq
    output: Data/fastqc/A_fastqc.html, Data/fastqc/A_fastqc.zip
    jobid: 2
    reason: Forced execution
    wildcards: sample=A
    resources: tmpdir=/var/folders/3y/73c51vdd5j9cylp2_sdm674m0000gn/T


[Wed Nov 20 10:59:53 2024]
localrule fastqc:
    input: Data/samples/B.fastq
    output: Data/fastqc/B_fastqc.html, Data/fastqc/B_fastqc.zip
    jobid: 3
    reason: Forced execution
    wildcards: sample=B
    resources: tmpdir=/var/folders/3y/73c51vdd5j9cylp2_sdm674m0000gn/T


[Wed Nov 20 10:59:53 2024]
localrule map_reads:
    input: Data/samples/C.fastq, Data/genome.fa
    output: Data/aligned_bam/C_aligned.bam
    log: Data/aligned_bam/C.map.log
    jobid: 10
    reason: Forced execution
    wildcards: sample=C
    resources: tmpdir=/var/folders/3y/73c51vdd5j9cylp2_sdm674m0000gn/T

Touching output file Data/.setup_done.
[Wed Nov 20 10:59:53 2024]
Finished job 1.
1 of 17 steps (6%) done
[Wed Nov 20 10:59:53 2024]
Finished job 8.
2 of 17 steps (12%) done
Select jobs to execute...
Execute 1 jobs...

[Wed Nov 20 10:59:53 2024]
localrule sort_bam:
    input: Data/aligned_bam/B_aligned.bam
    output: Data/aligned_bam/B_sorted.bam
    log: Data/aligned_bam/B.sort.log
    jobid: 7
    reason: Forced execution
    wildcards: sample=B
    resources: tmpdir=/var/folders/3y/73c51vdd5j9cylp2_sdm674m0000gn/T

[Wed Nov 20 10:59:53 2024]
Finished job 10.
3 of 17 steps (18%) done
Select jobs to execute...
Execute 1 jobs...

[Wed Nov 20 10:59:53 2024]
localrule sort_bam:
    input: Data/aligned_bam/C_aligned.bam
    output: Data/aligned_bam/C_sorted.bam
    log: Data/aligned_bam/C.sort.log
    jobid: 9
    reason: Forced execution
    wildcards: sample=C
    resources: tmpdir=/var/folders/3y/73c51vdd5j9cylp2_sdm674m0000gn/T

[Wed Nov 20 10:59:53 2024]
Finished job 6.
4 of 17 steps (24%) done
Select jobs to execute...
Execute 1 jobs...

[Wed Nov 20 10:59:53 2024]
localrule sort_bam:
    input: Data/aligned_bam/A_aligned.bam
    output: Data/aligned_bam/A_sorted.bam
    log: Data/aligned_bam/A.sort.log
    jobid: 5
    reason: Forced execution
    wildcards: sample=A
    resources: tmpdir=/var/folders/3y/73c51vdd5j9cylp2_sdm674m0000gn/T

[Wed Nov 20 10:59:54 2024]
Finished job 7.
5 of 17 steps (29%) done
Select jobs to execute...
Execute 1 jobs...

[Wed Nov 20 10:59:54 2024]
localrule mark_duplicates:
    input: Data/aligned_bam/B_sorted.bam
    output: Data/aligned_bam/B_marked_sorted.bam, Data/aligned_bam/B_marked_sorted.bai
    log: Data/aligned_bam/B.mark.log
    jobid: 12
    reason: Forced execution
    wildcards: sample=B
    resources: tmpdir=/var/folders/3y/73c51vdd5j9cylp2_sdm674m0000gn/T

[Wed Nov 20 10:59:54 2024]
Finished job 9.
6 of 17 steps (35%) done
Select jobs to execute...
Execute 1 jobs...

[Wed Nov 20 10:59:54 2024]
localrule mark_duplicates:
    input: Data/aligned_bam/C_sorted.bam
    output: Data/aligned_bam/C_marked_sorted.bam, Data/aligned_bam/C_marked_sorted.bai
    log: Data/aligned_bam/C.mark.log
    jobid: 13
    reason: Forced execution
    wildcards: sample=C
    resources: tmpdir=/var/folders/3y/73c51vdd5j9cylp2_sdm674m0000gn/T

[Wed Nov 20 10:59:54 2024]
Finished job 5.
7 of 17 steps (41%) done
Select jobs to execute...
Execute 1 jobs...

[Wed Nov 20 10:59:54 2024]
localrule mark_duplicates:
    input: Data/aligned_bam/A_sorted.bam
    output: Data/aligned_bam/A_marked_sorted.bam, Data/aligned_bam/A_marked_sorted.bai
    log: Data/aligned_bam/A.mark.log
    jobid: 11
    reason: Forced execution
    wildcards: sample=A
    resources: tmpdir=/var/folders/3y/73c51vdd5j9cylp2_sdm674m0000gn/T

[Wed Nov 20 10:59:56 2024]
Finished job 13.
8 of 17 steps (47%) done
Select jobs to execute...
Execute 1 jobs...

[Wed Nov 20 10:59:56 2024]
localrule base_recalibration:
    input: Data/aligned_bam/C_marked_sorted.bam, Data/Homo_sapiens_assembly38.dbsnp138.vcf, Data/genome.fa
    output: Data/aligned_bam/C.recal.table, Data/aligned_bam/C_recal_bqsr.bam
    log: Data/aligned_bam/C.recal.log
    jobid: 16
    reason: Forced execution
    wildcards: sample=C
    resources: tmpdir=/var/folders/3y/73c51vdd5j9cylp2_sdm674m0000gn/T

RuleException in rule base_recalibration in file /Users/flaviaderamo/Github/GIT-Sync/SNV-GATK-Snakemake/Snakefile, line 108:
NameError: The name 'sample' is unknown in this context. Did you mean 'wildcards.sample'?, when formatting the following:

        echo 'Running BaseRecalibrator for {sample}'
        gatk --java-options "-Xmx{params.memory}" BaseRecalibrator         -I {input.marked_bam}         -R {input.reference}         --known-sites {input.known}         -O {output.recal} 2>> {log}
        
        echo 'Applying BQSR for {sample}'
        gatk --java-options "-Xmx{params.memory}" ApplyBQSR         -I {input.marked_bam}         -R {input.reference}         --bqsr-recal-file {output.recal}         -O {output.recal_bam} 2>> {log}
        
