host: MacBook-Pro-von-Flavia.local
Building DAG of jobs...
Using shell: /bin/bash
Provided cores: 8
Rules claiming more threads will be scaled down.
Job stats:
job       count
------  -------
all           1
fastqc        3
total         4

Select jobs to execute...
Execute 3 jobs...

[Sun Nov 24 11:13:29 2024]
localrule fastqc:
    input: Data/samples/B.fastq
    output: Data/fastqc/B_fastqc.html, Data/fastqc/B_fastqc.zip
    jobid: 3
    reason: Missing output files: Data/fastqc/B_fastqc.zip; Code has changed since last execution
    wildcards: sample=B
    resources: tmpdir=/var/folders/3y/73c51vdd5j9cylp2_sdm674m0000gn/T


[Sun Nov 24 11:13:29 2024]
localrule fastqc:
    input: Data/samples/C.fastq
    output: Data/fastqc/C_fastqc.html, Data/fastqc/C_fastqc.zip
    jobid: 4
    reason: Missing output files: Data/fastqc/C_fastqc.zip; Code has changed since last execution
    wildcards: sample=C
    resources: tmpdir=/var/folders/3y/73c51vdd5j9cylp2_sdm674m0000gn/T


[Sun Nov 24 11:13:29 2024]
localrule fastqc:
    input: Data/samples/A.fastq
    output: Data/fastqc/A_fastqc.html, Data/fastqc/A_fastqc.zip
    jobid: 2
    reason: Missing output files: Data/fastqc/A_fastqc.zip; Code has changed since last execution
    wildcards: sample=A
    resources: tmpdir=/var/folders/3y/73c51vdd5j9cylp2_sdm674m0000gn/T

[Sun Nov 24 11:13:32 2024]
Finished job 3.
1 of 4 steps (25%) done
[Sun Nov 24 11:13:32 2024]
Finished job 2.
2 of 4 steps (50%) done
[Sun Nov 24 11:13:33 2024]
Finished job 4.
3 of 4 steps (75%) done
Select jobs to execute...
Execute 1 jobs...

[Sun Nov 24 11:13:33 2024]
localrule all:
    input: Data/.setup_done, Data/fastqc/A_fastqc.zip, Data/fastqc/B_fastqc.zip, Data/fastqc/C_fastqc.zip
    jobid: 0
    reason: Input files updated by another job: Data/fastqc/C_fastqc.zip, Data/fastqc/B_fastqc.zip, Data/fastqc/A_fastqc.zip
    resources: tmpdir=/var/folders/3y/73c51vdd5j9cylp2_sdm674m0000gn/T

[Sun Nov 24 11:13:33 2024]
Finished job 0.
4 of 4 steps (100%) done
Complete log: .snakemake/log/2024-11-24T111329.882810.snakemake.log
