host: macbookpro.edu.ds.fhnw.ch
Building DAG of jobs...
Using shell: /bin/bash
Provided cores: 8
Rules claiming more threads will be scaled down.
Job stats:
job                   count
------------------  -------
all                       1
base_recalibration        3
total                     4

Select jobs to execute...
Execute 3 jobs...

[Wed Nov 20 11:21:38 2024]
localrule base_recalibration:
    input: Data/aligned_bam/A_marked_sorted.bam, Data/Homo_sapiens_assembly38.dbsnp138.vcf, Data/genome.fa
    output: Data/aligned_bam/A_recal.table, Data/aligned_bam/A_recal_bqsr.bam
    log: Data/aligned_bam/A.recal.log
    jobid: 14
    reason: Missing output files: Data/aligned_bam/A_recal.table, Data/aligned_bam/A_recal_bqsr.bam
    wildcards: sample=A
    resources: tmpdir=/var/folders/3y/73c51vdd5j9cylp2_sdm674m0000gn/T


[Wed Nov 20 11:21:38 2024]
localrule base_recalibration:
    input: Data/aligned_bam/B_marked_sorted.bam, Data/Homo_sapiens_assembly38.dbsnp138.vcf, Data/genome.fa
    output: Data/aligned_bam/B_recal.table, Data/aligned_bam/B_recal_bqsr.bam
    log: Data/aligned_bam/B.recal.log
    jobid: 15
    reason: Missing output files: Data/aligned_bam/B_recal_bqsr.bam, Data/aligned_bam/B_recal.table
    wildcards: sample=B
    resources: tmpdir=/var/folders/3y/73c51vdd5j9cylp2_sdm674m0000gn/T


[Wed Nov 20 11:21:38 2024]
localrule base_recalibration:
    input: Data/aligned_bam/C_marked_sorted.bam, Data/Homo_sapiens_assembly38.dbsnp138.vcf, Data/genome.fa
    output: Data/aligned_bam/C_recal.table, Data/aligned_bam/C_recal_bqsr.bam
    log: Data/aligned_bam/C.recal.log
    jobid: 16
    reason: Missing output files: Data/aligned_bam/C_recal.table, Data/aligned_bam/C_recal_bqsr.bam
    wildcards: sample=C
    resources: tmpdir=/var/folders/3y/73c51vdd5j9cylp2_sdm674m0000gn/T

[Wed Nov 20 11:21:40 2024]
Error in rule base_recalibration:
    jobid: 14
    input: Data/aligned_bam/A_marked_sorted.bam, Data/Homo_sapiens_assembly38.dbsnp138.vcf, Data/genome.fa
    output: Data/aligned_bam/A_recal.table, Data/aligned_bam/A_recal_bqsr.bam
    log: Data/aligned_bam/A.recal.log (check log file(s) for error details)
    shell:
        
        gatk --java-options "-Xmx8g" BaseRecalibrator         -I Data/aligned_bam/A_marked_sorted.bam         -R Data/genome.fa         --known-sites Data/Homo_sapiens_assembly38.dbsnp138.vcf         -O Data/aligned_bam/A_recal.table

        gatk --java-options "-Xmx8g" ApplyBQSR         -bqsr Data/aligned_bam/A_recal.table         -I Data/aligned_bam/A_marked_sorted.bam         -R Data/genome.fa         -O Data/aligned_bam/A_recal_bqsr.bam
        
        (one of the commands exited with non-zero exit code; note that snakemake uses bash strict mode!)

[Wed Nov 20 11:21:40 2024]
Error in rule base_recalibration:
    jobid: 15
    input: Data/aligned_bam/B_marked_sorted.bam, Data/Homo_sapiens_assembly38.dbsnp138.vcf, Data/genome.fa
    output: Data/aligned_bam/B_recal.table, Data/aligned_bam/B_recal_bqsr.bam
    log: Data/aligned_bam/B.recal.log (check log file(s) for error details)
    shell:
        
        gatk --java-options "-Xmx8g" BaseRecalibrator         -I Data/aligned_bam/B_marked_sorted.bam         -R Data/genome.fa         --known-sites Data/Homo_sapiens_assembly38.dbsnp138.vcf         -O Data/aligned_bam/B_recal.table

        gatk --java-options "-Xmx8g" ApplyBQSR         -bqsr Data/aligned_bam/B_recal.table         -I Data/aligned_bam/B_marked_sorted.bam         -R Data/genome.fa         -O Data/aligned_bam/B_recal_bqsr.bam
        
        (one of the commands exited with non-zero exit code; note that snakemake uses bash strict mode!)

[Wed Nov 20 11:21:40 2024]
Error in rule base_recalibration:
    jobid: 16
    input: Data/aligned_bam/C_marked_sorted.bam, Data/Homo_sapiens_assembly38.dbsnp138.vcf, Data/genome.fa
    output: Data/aligned_bam/C_recal.table, Data/aligned_bam/C_recal_bqsr.bam
    log: Data/aligned_bam/C.recal.log (check log file(s) for error details)
    shell:
        
        gatk --java-options "-Xmx8g" BaseRecalibrator         -I Data/aligned_bam/C_marked_sorted.bam         -R Data/genome.fa         --known-sites Data/Homo_sapiens_assembly38.dbsnp138.vcf         -O Data/aligned_bam/C_recal.table

        gatk --java-options "-Xmx8g" ApplyBQSR         -bqsr Data/aligned_bam/C_recal.table         -I Data/aligned_bam/C_marked_sorted.bam         -R Data/genome.fa         -O Data/aligned_bam/C_recal_bqsr.bam
        
        (one of the commands exited with non-zero exit code; note that snakemake uses bash strict mode!)

Shutting down, this might take some time.
Exiting because a job execution failed. Look above for error message
Complete log: .snakemake/log/2024-11-20T112138.478677.snakemake.log
WorkflowError:
At least one job did not complete successfully.
