host: MacBook-Pro-von-Flavia.local
Building DAG of jobs...
Using shell: /bin/bash
Provided cores: 8
Rules claiming more threads will be scaled down.
Job stats:
job                  count
-----------------  -------
all                      1
haplotype_caller         3
map_reads                3
mark_duplicates          3
select_indels            3
select_snps              3
setup_directories        1
sort_bam                 3
total                   20

Select jobs to execute...
Execute 4 jobs...

[Sun Nov 24 10:06:50 2024]
localrule setup_directories:
    output: Data/.setup_done
    jobid: 1
    reason: Forced execution
    resources: tmpdir=/var/folders/3y/73c51vdd5j9cylp2_sdm674m0000gn/T


[Sun Nov 24 10:06:50 2024]
localrule map_reads:
    input: Data/samples/A.fastq, Data/genome.fa
    output: Data/aligned_bam/A_aligned.bam
    log: Data/aligned_bam/A.map.log
    jobid: 6
    reason: Forced execution
    wildcards: sample=A
    resources: tmpdir=/var/folders/3y/73c51vdd5j9cylp2_sdm674m0000gn/T


[Sun Nov 24 10:06:50 2024]
localrule map_reads:
    input: Data/samples/B.fastq, Data/genome.fa
    output: Data/aligned_bam/B_aligned.bam
    log: Data/aligned_bam/B.map.log
    jobid: 11
    reason: Forced execution
    wildcards: sample=B
    resources: tmpdir=/var/folders/3y/73c51vdd5j9cylp2_sdm674m0000gn/T


[Sun Nov 24 10:06:50 2024]
localrule map_reads:
    input: Data/samples/C.fastq, Data/genome.fa
    output: Data/aligned_bam/C_aligned.bam
    log: Data/aligned_bam/C.map.log
    jobid: 16
    reason: Forced execution
    wildcards: sample=C
    resources: tmpdir=/var/folders/3y/73c51vdd5j9cylp2_sdm674m0000gn/T

Touching output file Data/.setup_done.
[Sun Nov 24 10:06:50 2024]
Finished job 1.
1 of 20 steps (5%) done
[Sun Nov 24 10:06:51 2024]
Finished job 11.
2 of 20 steps (10%) done
Select jobs to execute...
Execute 1 jobs...

[Sun Nov 24 10:06:51 2024]
localrule sort_bam:
    input: Data/aligned_bam/B_aligned.bam
    output: Data/aligned_bam/B_sorted.bam
    log: Data/aligned_bam/B.sort.log
    jobid: 10
    reason: Forced execution
    wildcards: sample=B
    resources: tmpdir=/var/folders/3y/73c51vdd5j9cylp2_sdm674m0000gn/T

[Sun Nov 24 10:06:51 2024]
Finished job 6.
3 of 20 steps (15%) done
Select jobs to execute...
Execute 1 jobs...

[Sun Nov 24 10:06:51 2024]
localrule sort_bam:
    input: Data/aligned_bam/A_aligned.bam
    output: Data/aligned_bam/A_sorted.bam
    log: Data/aligned_bam/A.sort.log
    jobid: 5
    reason: Forced execution
    wildcards: sample=A
    resources: tmpdir=/var/folders/3y/73c51vdd5j9cylp2_sdm674m0000gn/T

[Sun Nov 24 10:06:51 2024]
Finished job 16.
4 of 20 steps (20%) done
Select jobs to execute...
Execute 1 jobs...

[Sun Nov 24 10:06:51 2024]
localrule sort_bam:
    input: Data/aligned_bam/C_aligned.bam
    output: Data/aligned_bam/C_sorted.bam
    log: Data/aligned_bam/C.sort.log
    jobid: 15
    reason: Forced execution
    wildcards: sample=C
    resources: tmpdir=/var/folders/3y/73c51vdd5j9cylp2_sdm674m0000gn/T

[Sun Nov 24 10:06:51 2024]
Finished job 10.
5 of 20 steps (25%) done
Select jobs to execute...
Execute 1 jobs...

[Sun Nov 24 10:06:51 2024]
localrule mark_duplicates:
    input: Data/aligned_bam/B_sorted.bam
    output: Data/aligned_bam/B_marked_sorted.bam, Data/aligned_bam/B_marked_sorted.bai
    log: Data/aligned_bam/B.mark.log
    jobid: 9
    reason: Forced execution
    wildcards: sample=B
    resources: tmpdir=/var/folders/3y/73c51vdd5j9cylp2_sdm674m0000gn/T

[Sun Nov 24 10:06:51 2024]
Finished job 5.
6 of 20 steps (30%) done
Select jobs to execute...
Execute 1 jobs...

[Sun Nov 24 10:06:51 2024]
localrule mark_duplicates:
    input: Data/aligned_bam/A_sorted.bam
    output: Data/aligned_bam/A_marked_sorted.bam, Data/aligned_bam/A_marked_sorted.bai
    log: Data/aligned_bam/A.mark.log
    jobid: 4
    reason: Forced execution
    wildcards: sample=A
    resources: tmpdir=/var/folders/3y/73c51vdd5j9cylp2_sdm674m0000gn/T

[Sun Nov 24 10:06:51 2024]
Finished job 15.
7 of 20 steps (35%) done
Select jobs to execute...
Execute 1 jobs...

[Sun Nov 24 10:06:51 2024]
localrule mark_duplicates:
    input: Data/aligned_bam/C_sorted.bam
    output: Data/aligned_bam/C_marked_sorted.bam, Data/aligned_bam/C_marked_sorted.bai
    log: Data/aligned_bam/C.mark.log
    jobid: 14
    reason: Forced execution
    wildcards: sample=C
    resources: tmpdir=/var/folders/3y/73c51vdd5j9cylp2_sdm674m0000gn/T

[Sun Nov 24 10:06:52 2024]
Error in rule mark_duplicates:
    jobid: 9
    input: Data/aligned_bam/B_sorted.bam
    output: Data/aligned_bam/B_marked_sorted.bam, Data/aligned_bam/B_marked_sorted.bai
    log: Data/aligned_bam/B.mark.log (check log file(s) for error details)
    shell:
        
        gatk MarkDuplicatesSpark         -I Data/aligned_bam/B_sorted.bam         -O Data/aligned_bam/B_marked_sorted.bam         -M Data/aligned_bam/B_marked_sorted.bam.metrics.txt         -CREATE_INDEX true         2> Data/aligned_bam/B.mark.log
        
        (one of the commands exited with non-zero exit code; note that snakemake uses bash strict mode!)

[Sun Nov 24 10:06:52 2024]
Error in rule mark_duplicates:
    jobid: 4
    input: Data/aligned_bam/A_sorted.bam
    output: Data/aligned_bam/A_marked_sorted.bam, Data/aligned_bam/A_marked_sorted.bai
    log: Data/aligned_bam/A.mark.log (check log file(s) for error details)
    shell:
        
        gatk MarkDuplicatesSpark         -I Data/aligned_bam/A_sorted.bam         -O Data/aligned_bam/A_marked_sorted.bam         -M Data/aligned_bam/A_marked_sorted.bam.metrics.txt         -CREATE_INDEX true         2> Data/aligned_bam/A.mark.log
        
        (one of the commands exited with non-zero exit code; note that snakemake uses bash strict mode!)

[Sun Nov 24 10:06:52 2024]
Error in rule mark_duplicates:
    jobid: 14
    input: Data/aligned_bam/C_sorted.bam
    output: Data/aligned_bam/C_marked_sorted.bam, Data/aligned_bam/C_marked_sorted.bai
    log: Data/aligned_bam/C.mark.log (check log file(s) for error details)
    shell:
        
        gatk MarkDuplicatesSpark         -I Data/aligned_bam/C_sorted.bam         -O Data/aligned_bam/C_marked_sorted.bam         -M Data/aligned_bam/C_marked_sorted.bam.metrics.txt         -CREATE_INDEX true         2> Data/aligned_bam/C.mark.log
        
        (one of the commands exited with non-zero exit code; note that snakemake uses bash strict mode!)

Shutting down, this might take some time.
Exiting because a job execution failed. Look above for error message
Complete log: .snakemake/log/2024-11-24T100650.497203.snakemake.log
WorkflowError:
At least one job did not complete successfully.
