host: macbookpro.edu.ds.fhnw.ch
Building DAG of jobs...
Using shell: /bin/bash
Provided cores: 8
Rules claiming more threads will be scaled down.
Job stats:
job                   count
------------------  -------
all                       1
base_recalibration        3
total                     4

Select jobs to execute...
Execute 3 jobs...

[Wed Nov 20 11:10:36 2024]
localrule base_recalibration:
    input: Data/aligned_bam/A_marked_sorted.bam, Data/Homo_sapiens_assembly38.dbsnp138.vcf, Data/genome.fa
    output: Data/aligned_bam/A.recal.table, Data/aligned_bam/A_recal_bqsr.bam
    log: Data/aligned_bam/A.recal.log
    jobid: 14
    reason: Missing output files: Data/aligned_bam/A.recal.table, Data/aligned_bam/A_recal_bqsr.bam
    wildcards: sample=A
    resources: tmpdir=/var/folders/3y/73c51vdd5j9cylp2_sdm674m0000gn/T


[Wed Nov 20 11:10:36 2024]
localrule base_recalibration:
    input: Data/aligned_bam/B_marked_sorted.bam, Data/Homo_sapiens_assembly38.dbsnp138.vcf, Data/genome.fa
    output: Data/aligned_bam/B.recal.table, Data/aligned_bam/B_recal_bqsr.bam
    log: Data/aligned_bam/B.recal.log
    jobid: 15
    reason: Missing output files: Data/aligned_bam/B_recal_bqsr.bam, Data/aligned_bam/B.recal.table
    wildcards: sample=B
    resources: tmpdir=/var/folders/3y/73c51vdd5j9cylp2_sdm674m0000gn/T


[Wed Nov 20 11:10:36 2024]
localrule base_recalibration:
    input: Data/aligned_bam/C_marked_sorted.bam, Data/Homo_sapiens_assembly38.dbsnp138.vcf, Data/genome.fa
    output: Data/aligned_bam/C.recal.table, Data/aligned_bam/C_recal_bqsr.bam
    log: Data/aligned_bam/C.recal.log
    jobid: 16
    reason: Missing output files: Data/aligned_bam/C_recal_bqsr.bam, Data/aligned_bam/C.recal.table
    wildcards: sample=C
    resources: tmpdir=/var/folders/3y/73c51vdd5j9cylp2_sdm674m0000gn/T

[Wed Nov 20 11:10:38 2024]
Error in rule base_recalibration:
    jobid: 14
    input: Data/aligned_bam/A_marked_sorted.bam, Data/Homo_sapiens_assembly38.dbsnp138.vcf, Data/genome.fa
    output: Data/aligned_bam/A.recal.table, Data/aligned_bam/A_recal_bqsr.bam
    log: Data/aligned_bam/A.recal.log (check log file(s) for error details)
    shell:
        
        # Ensure all input files exist
        if [ ! -f Data/aligned_bam/A_marked_sorted.bam ]; then echo "ERROR: BAM file missing: Data/aligned_bam/A_marked_sorted.bam" >&2; exit 1; fi
        if [ ! -f Data/genome.fa ]; then echo "ERROR: Reference genome missing: Data/genome.fa" >&2; exit 1; fi
        if [ ! -f Data/Homo_sapiens_assembly38.dbsnp138.vcf ]; then echo "ERROR: Known sites VCF missing: Data/Homo_sapiens_assembly38.dbsnp138.vcf" >&2; exit 1; fi
        
        # BaseRecalibrator
        gatk --java-options "-Xmx8g" BaseRecalibrator         -I Data/aligned_bam/A_marked_sorted.bam         -R Data/genome.fa         --known-sites Data/Homo_sapiens_assembly38.dbsnp138.vcf         -O Data/aligned_bam/A.recal.table 2>> Data/aligned_bam/A.recal.log

        # ApplyBQSR
        gatk --java-options "-Xmx8g" ApplyBQSR         -I Data/aligned_bam/A_marked_sorted.bam         -R Data/genome.fa         --bqsr-recal-file Data/aligned_bam/A.recal.table         -O Data/aligned_bam/A_recal_bqsr.bam 2>> Data/aligned_bam/A.recal.log
        
        (one of the commands exited with non-zero exit code; note that snakemake uses bash strict mode!)

[Wed Nov 20 11:10:38 2024]
Error in rule base_recalibration:
    jobid: 15
    input: Data/aligned_bam/B_marked_sorted.bam, Data/Homo_sapiens_assembly38.dbsnp138.vcf, Data/genome.fa
    output: Data/aligned_bam/B.recal.table, Data/aligned_bam/B_recal_bqsr.bam
    log: Data/aligned_bam/B.recal.log (check log file(s) for error details)
    shell:
        
        # Ensure all input files exist
        if [ ! -f Data/aligned_bam/B_marked_sorted.bam ]; then echo "ERROR: BAM file missing: Data/aligned_bam/B_marked_sorted.bam" >&2; exit 1; fi
        if [ ! -f Data/genome.fa ]; then echo "ERROR: Reference genome missing: Data/genome.fa" >&2; exit 1; fi
        if [ ! -f Data/Homo_sapiens_assembly38.dbsnp138.vcf ]; then echo "ERROR: Known sites VCF missing: Data/Homo_sapiens_assembly38.dbsnp138.vcf" >&2; exit 1; fi
        
        # BaseRecalibrator
        gatk --java-options "-Xmx8g" BaseRecalibrator         -I Data/aligned_bam/B_marked_sorted.bam         -R Data/genome.fa         --known-sites Data/Homo_sapiens_assembly38.dbsnp138.vcf         -O Data/aligned_bam/B.recal.table 2>> Data/aligned_bam/B.recal.log

        # ApplyBQSR
        gatk --java-options "-Xmx8g" ApplyBQSR         -I Data/aligned_bam/B_marked_sorted.bam         -R Data/genome.fa         --bqsr-recal-file Data/aligned_bam/B.recal.table         -O Data/aligned_bam/B_recal_bqsr.bam 2>> Data/aligned_bam/B.recal.log
        
        (one of the commands exited with non-zero exit code; note that snakemake uses bash strict mode!)

[Wed Nov 20 11:10:38 2024]
Error in rule base_recalibration:
    jobid: 16
    input: Data/aligned_bam/C_marked_sorted.bam, Data/Homo_sapiens_assembly38.dbsnp138.vcf, Data/genome.fa
    output: Data/aligned_bam/C.recal.table, Data/aligned_bam/C_recal_bqsr.bam
    log: Data/aligned_bam/C.recal.log (check log file(s) for error details)
    shell:
        
        # Ensure all input files exist
        if [ ! -f Data/aligned_bam/C_marked_sorted.bam ]; then echo "ERROR: BAM file missing: Data/aligned_bam/C_marked_sorted.bam" >&2; exit 1; fi
        if [ ! -f Data/genome.fa ]; then echo "ERROR: Reference genome missing: Data/genome.fa" >&2; exit 1; fi
        if [ ! -f Data/Homo_sapiens_assembly38.dbsnp138.vcf ]; then echo "ERROR: Known sites VCF missing: Data/Homo_sapiens_assembly38.dbsnp138.vcf" >&2; exit 1; fi
        
        # BaseRecalibrator
        gatk --java-options "-Xmx8g" BaseRecalibrator         -I Data/aligned_bam/C_marked_sorted.bam         -R Data/genome.fa         --known-sites Data/Homo_sapiens_assembly38.dbsnp138.vcf         -O Data/aligned_bam/C.recal.table 2>> Data/aligned_bam/C.recal.log

        # ApplyBQSR
        gatk --java-options "-Xmx8g" ApplyBQSR         -I Data/aligned_bam/C_marked_sorted.bam         -R Data/genome.fa         --bqsr-recal-file Data/aligned_bam/C.recal.table         -O Data/aligned_bam/C_recal_bqsr.bam 2>> Data/aligned_bam/C.recal.log
        
        (one of the commands exited with non-zero exit code; note that snakemake uses bash strict mode!)

Shutting down, this might take some time.
Exiting because a job execution failed. Look above for error message
Complete log: .snakemake/log/2024-11-20T111036.425643.snakemake.log
WorkflowError:
At least one job did not complete successfully.
