host: MacBook-Pro-von-Flavia.local
Building DAG of jobs...
Using shell: /bin/bash
Provided cores: 8
Rules claiming more threads will be scaled down.
Job stats:
job                  count
-----------------  -------
all                      1
haplotype_caller         3
mark_duplicates          3
select_indels            3
select_snps              3
setup_directories        1
total                   14

Select jobs to execute...
Execute 4 jobs...

[Sun Nov 24 10:02:00 2024]
localrule mark_duplicates:
    input: Data/aligned_bam/B_sorted.bam
    output: Data/aligned_bam/B_marked_sorted.bam, Data/aligned_bam/B_marked_sorted.bai
    log: Data/aligned_bam/B.mark.log
    jobid: 7
    reason: Forced execution
    wildcards: sample=B
    resources: tmpdir=/var/folders/3y/73c51vdd5j9cylp2_sdm674m0000gn/T


[Sun Nov 24 10:02:00 2024]
localrule mark_duplicates:
    input: Data/aligned_bam/C_sorted.bam
    output: Data/aligned_bam/C_marked_sorted.bam, Data/aligned_bam/C_marked_sorted.bai
    log: Data/aligned_bam/C.mark.log
    jobid: 10
    reason: Forced execution
    wildcards: sample=C
    resources: tmpdir=/var/folders/3y/73c51vdd5j9cylp2_sdm674m0000gn/T


[Sun Nov 24 10:02:00 2024]
localrule setup_directories:
    output: Data/.setup_done
    jobid: 1
    reason: Forced execution
    resources: tmpdir=/var/folders/3y/73c51vdd5j9cylp2_sdm674m0000gn/T


[Sun Nov 24 10:02:00 2024]
localrule mark_duplicates:
    input: Data/aligned_bam/A_sorted.bam
    output: Data/aligned_bam/A_marked_sorted.bam, Data/aligned_bam/A_marked_sorted.bai
    log: Data/aligned_bam/A.mark.log
    jobid: 4
    reason: Forced execution
    wildcards: sample=A
    resources: tmpdir=/var/folders/3y/73c51vdd5j9cylp2_sdm674m0000gn/T

Touching output file Data/.setup_done.
[Sun Nov 24 10:02:00 2024]
Finished job 1.
1 of 14 steps (7%) done
[Sun Nov 24 10:02:01 2024]
Error in rule mark_duplicates:
    jobid: 10
    input: Data/aligned_bam/C_sorted.bam
    output: Data/aligned_bam/C_marked_sorted.bam, Data/aligned_bam/C_marked_sorted.bai
    log: Data/aligned_bam/C.mark.log (check log file(s) for error details)
    shell:
        
        gatk MarkDuplicatesSPark -I Data/aligned_bam/C_sorted.bam -O Data/aligned_bam/C_marked_sorted.bam 2> Data/aligned_bam/C.mark.log
        
        (one of the commands exited with non-zero exit code; note that snakemake uses bash strict mode!)

[Sun Nov 24 10:02:01 2024]
Error in rule mark_duplicates:
    jobid: 4
    input: Data/aligned_bam/A_sorted.bam
    output: Data/aligned_bam/A_marked_sorted.bam, Data/aligned_bam/A_marked_sorted.bai
    log: Data/aligned_bam/A.mark.log (check log file(s) for error details)
    shell:
        
        gatk MarkDuplicatesSPark -I Data/aligned_bam/A_sorted.bam -O Data/aligned_bam/A_marked_sorted.bam 2> Data/aligned_bam/A.mark.log
        
        (one of the commands exited with non-zero exit code; note that snakemake uses bash strict mode!)

[Sun Nov 24 10:02:01 2024]
Error in rule mark_duplicates:
    jobid: 7
    input: Data/aligned_bam/B_sorted.bam
    output: Data/aligned_bam/B_marked_sorted.bam, Data/aligned_bam/B_marked_sorted.bai
    log: Data/aligned_bam/B.mark.log (check log file(s) for error details)
    shell:
        
        gatk MarkDuplicatesSPark -I Data/aligned_bam/B_sorted.bam -O Data/aligned_bam/B_marked_sorted.bam 2> Data/aligned_bam/B.mark.log
        
        (one of the commands exited with non-zero exit code; note that snakemake uses bash strict mode!)

Shutting down, this might take some time.
Exiting because a job execution failed. Look above for error message
Complete log: .snakemake/log/2024-11-24T100200.348702.snakemake.log
WorkflowError:
At least one job did not complete successfully.
