host: MacBook-Pro-von-Flavia.local
Building DAG of jobs...
Using shell: /bin/bash
Provided cores: 8
Rules claiming more threads will be scaled down.
Job stats:
job                  count
-----------------  -------
all                      1
fastqc                   3
haplotype_caller         3
map_reads                3
mark_duplicates          3
select_indels            3
select_snps              3
setup_directories        1
sort_bam                 3
total                   23

Select jobs to execute...
Execute 7 jobs...

[Wed Nov 20 17:21:32 2024]
localrule map_reads:
    input: Data/samples/C.fastq, Data/genome.fa
    output: Data/aligned_bam/C_aligned.bam
    log: Data/aligned_bam/C.map.log
    jobid: 10
    reason: Forced execution
    wildcards: sample=C
    resources: tmpdir=/var/folders/3y/73c51vdd5j9cylp2_sdm674m0000gn/T


[Wed Nov 20 17:21:32 2024]
localrule fastqc:
    input: Data/samples/A.fastq
    output: Data/fastqc/A_fastqc.html, Data/fastqc/A_fastqc.zip
    jobid: 2
    reason: Forced execution
    wildcards: sample=A
    resources: tmpdir=/var/folders/3y/73c51vdd5j9cylp2_sdm674m0000gn/T


[Wed Nov 20 17:21:32 2024]
localrule map_reads:
    input: Data/samples/B.fastq, Data/genome.fa
    output: Data/aligned_bam/B_aligned.bam
    log: Data/aligned_bam/B.map.log
    jobid: 8
    reason: Forced execution
    wildcards: sample=B
    resources: tmpdir=/var/folders/3y/73c51vdd5j9cylp2_sdm674m0000gn/T


[Wed Nov 20 17:21:32 2024]
localrule fastqc:
    input: Data/samples/B.fastq
    output: Data/fastqc/B_fastqc.html, Data/fastqc/B_fastqc.zip
    jobid: 3
    reason: Forced execution
    wildcards: sample=B
    resources: tmpdir=/var/folders/3y/73c51vdd5j9cylp2_sdm674m0000gn/T


[Wed Nov 20 17:21:32 2024]
localrule map_reads:
    input: Data/samples/A.fastq, Data/genome.fa
    output: Data/aligned_bam/A_aligned.bam
    log: Data/aligned_bam/A.map.log
    jobid: 6
    reason: Forced execution
    wildcards: sample=A
    resources: tmpdir=/var/folders/3y/73c51vdd5j9cylp2_sdm674m0000gn/T


[Wed Nov 20 17:21:32 2024]
localrule fastqc:
    input: Data/samples/C.fastq
    output: Data/fastqc/C_fastqc.html, Data/fastqc/C_fastqc.zip
    jobid: 4
    reason: Forced execution
    wildcards: sample=C
    resources: tmpdir=/var/folders/3y/73c51vdd5j9cylp2_sdm674m0000gn/T


[Wed Nov 20 17:21:32 2024]
localrule setup_directories:
    output: Data/.setup_done
    jobid: 1
    reason: Forced execution
    resources: tmpdir=/var/folders/3y/73c51vdd5j9cylp2_sdm674m0000gn/T

Touching output file Data/.setup_done.
[Wed Nov 20 17:21:32 2024]
Finished job 1.
1 of 23 steps (4%) done
[Wed Nov 20 17:21:33 2024]
Finished job 10.
2 of 23 steps (9%) done
Select jobs to execute...
Execute 1 jobs...

[Wed Nov 20 17:21:33 2024]
localrule sort_bam:
    input: Data/aligned_bam/C_aligned.bam
    output: Data/aligned_bam/C_sorted.bam
    log: Data/aligned_bam/C.sort.log
    jobid: 9
    reason: Forced execution
    wildcards: sample=C
    resources: tmpdir=/var/folders/3y/73c51vdd5j9cylp2_sdm674m0000gn/T

[Wed Nov 20 17:21:33 2024]
Finished job 8.
3 of 23 steps (13%) done
Select jobs to execute...
Execute 1 jobs...

[Wed Nov 20 17:21:33 2024]
localrule sort_bam:
    input: Data/aligned_bam/B_aligned.bam
    output: Data/aligned_bam/B_sorted.bam
    log: Data/aligned_bam/B.sort.log
    jobid: 7
    reason: Forced execution
    wildcards: sample=B
    resources: tmpdir=/var/folders/3y/73c51vdd5j9cylp2_sdm674m0000gn/T

[Wed Nov 20 17:21:33 2024]
Finished job 6.
4 of 23 steps (17%) done
Select jobs to execute...
Execute 1 jobs...

[Wed Nov 20 17:21:33 2024]
localrule sort_bam:
    input: Data/aligned_bam/A_aligned.bam
    output: Data/aligned_bam/A_sorted.bam
    log: Data/aligned_bam/A.sort.log
    jobid: 5
    reason: Forced execution
    wildcards: sample=A
    resources: tmpdir=/var/folders/3y/73c51vdd5j9cylp2_sdm674m0000gn/T

[Wed Nov 20 17:21:33 2024]
Finished job 9.
5 of 23 steps (22%) done
Select jobs to execute...
Execute 1 jobs...

[Wed Nov 20 17:21:33 2024]
localrule mark_duplicates:
    input: Data/aligned_bam/C_sorted.bam
    output: Data/aligned_bam/C_marked_sorted.bam, Data/aligned_bam/C_marked_sorted.bai
    log: Data/aligned_bam/C.mark.log
    jobid: 13
    reason: Forced execution
    wildcards: sample=C
    resources: tmpdir=/var/folders/3y/73c51vdd5j9cylp2_sdm674m0000gn/T

[Wed Nov 20 17:21:33 2024]
Finished job 7.
6 of 23 steps (26%) done
Select jobs to execute...
Execute 1 jobs...

[Wed Nov 20 17:21:33 2024]
localrule mark_duplicates:
    input: Data/aligned_bam/B_sorted.bam
    output: Data/aligned_bam/B_marked_sorted.bam, Data/aligned_bam/B_marked_sorted.bai
    log: Data/aligned_bam/B.mark.log
    jobid: 12
    reason: Forced execution
    wildcards: sample=B
    resources: tmpdir=/var/folders/3y/73c51vdd5j9cylp2_sdm674m0000gn/T

[Wed Nov 20 17:21:33 2024]
Finished job 5.
7 of 23 steps (30%) done
Select jobs to execute...
Execute 1 jobs...

[Wed Nov 20 17:21:33 2024]
localrule mark_duplicates:
    input: Data/aligned_bam/A_sorted.bam
    output: Data/aligned_bam/A_marked_sorted.bam, Data/aligned_bam/A_marked_sorted.bai
    log: Data/aligned_bam/A.mark.log
    jobid: 11
    reason: Forced execution
    wildcards: sample=A
    resources: tmpdir=/var/folders/3y/73c51vdd5j9cylp2_sdm674m0000gn/T

[Wed Nov 20 17:21:35 2024]
Error in rule mark_duplicates:
    jobid: 13
    input: Data/aligned_bam/C_sorted.bam
    output: Data/aligned_bam/C_marked_sorted.bam, Data/aligned_bam/C_marked_sorted.bai
    log: Data/aligned_bam/C.mark.log (check log file(s) for error details)
    shell:
        
        gatk --java-options "-Xmx4g" MarkDuplicates         -I Data/aligned_bam/C_sorted.bam         -O Data/aligned_bam/C_marked_sorted.bam         -M Data/aligned_bam/C_marked_sorted.bam.metrics.txt         -CREATE_INDEX true \    
        -VALIDATION_STRINGENCY LENIENT         -MAX_RECORDS_IN_RAM 1000000 2> Data/aligned_bam/C.mark.log
        
        (one of the commands exited with non-zero exit code; note that snakemake uses bash strict mode!)

[Wed Nov 20 17:21:35 2024]
Error in rule mark_duplicates:
    jobid: 12
    input: Data/aligned_bam/B_sorted.bam
    output: Data/aligned_bam/B_marked_sorted.bam, Data/aligned_bam/B_marked_sorted.bai
    log: Data/aligned_bam/B.mark.log (check log file(s) for error details)
    shell:
        
        gatk --java-options "-Xmx4g" MarkDuplicates         -I Data/aligned_bam/B_sorted.bam         -O Data/aligned_bam/B_marked_sorted.bam         -M Data/aligned_bam/B_marked_sorted.bam.metrics.txt         -CREATE_INDEX true \    
        -VALIDATION_STRINGENCY LENIENT         -MAX_RECORDS_IN_RAM 1000000 2> Data/aligned_bam/B.mark.log
        
        (one of the commands exited with non-zero exit code; note that snakemake uses bash strict mode!)

[Wed Nov 20 17:21:35 2024]
Error in rule mark_duplicates:
    jobid: 11
    input: Data/aligned_bam/A_sorted.bam
    output: Data/aligned_bam/A_marked_sorted.bam, Data/aligned_bam/A_marked_sorted.bai
    log: Data/aligned_bam/A.mark.log (check log file(s) for error details)
    shell:
        
        gatk --java-options "-Xmx4g" MarkDuplicates         -I Data/aligned_bam/A_sorted.bam         -O Data/aligned_bam/A_marked_sorted.bam         -M Data/aligned_bam/A_marked_sorted.bam.metrics.txt         -CREATE_INDEX true \    
        -VALIDATION_STRINGENCY LENIENT         -MAX_RECORDS_IN_RAM 1000000 2> Data/aligned_bam/A.mark.log
        
        (one of the commands exited with non-zero exit code; note that snakemake uses bash strict mode!)

[Wed Nov 20 17:21:36 2024]
Finished job 4.
8 of 23 steps (35%) done
[Wed Nov 20 17:21:36 2024]
Finished job 3.
9 of 23 steps (39%) done
[Wed Nov 20 17:21:36 2024]
Finished job 2.
10 of 23 steps (43%) done
Shutting down, this might take some time.
Exiting because a job execution failed. Look above for error message
Complete log: .snakemake/log/2024-11-20T172132.674316.snakemake.log
WorkflowError:
At least one job did not complete successfully.
